<?xml version="1.0" encoding="UTF-8"?>
<!-- Generated by org.testng.reporters.JUnitReportReporter -->
<testsuite hostname="DESKTOP-RHS4C2M" failures="0" tests="3" name="TestAnotationsPractice.Test2" time="0.008" errors="0" timestamp="2022-09-21T23:33:54 IST" skipped="0">
  <testcase classname="TestAnotationsPractice.Test2" name="m4" time="0.002"/>
  <system-out/>
  <testcase classname="TestAnotationsPractice.Test2" name="m6" time="0.004"/>
  <system-out/>
  <testcase classname="TestAnotationsPractice.Test2" name="m5" time="0.002"/>
  <system-out/>
</testsuite> <!-- TestAnotationsPractice.Test2 -->
