<?xml version="1.0" encoding="UTF-8"?>
<!-- Generated by org.testng.reporters.JUnitReportReporter -->
<testsuite hostname="DESKTOP-RHS4C2M" failures="0" tests="3" name="KeywordsPractice.EnabledKeywordPractice" time="0.059" errors="0" timestamp="2022-09-23T00:12:45 IST" skipped="2">
  <testcase classname="KeywordsPractice.EnabledKeywordPractice" name="homepagetest" time="0.059"/>
  <system-out/>
  <testcase classname="KeywordsPractice.EnabledKeywordPractice" name="settingspagetest">
    <skipped/>
  </testcase> <!-- settingspagetest -->
  <system-out/>
  <testcase classname="KeywordsPractice.EnabledKeywordPractice" name="notificationtest">
    <skipped/>
  </testcase> <!-- notificationtest -->
  <system-out/>
</testsuite> <!-- KeywordsPractice.EnabledKeywordPractice -->
