<?xml version="1.0" encoding="UTF-8"?>
<!-- Generated by org.testng.reporters.JUnitReportReporter -->
<testsuite hostname="DESKTOP-RHS4C2M" failures="0" tests="3" name="GroupingPractice.Testcase3" time="0.010" errors="0" timestamp="2022-09-26T12:59:32 IST" skipped="0">
  <testcase classname="GroupingPractice.Testcase3" name="m7" time="0.002"/>
  <system-out/>
  <testcase classname="GroupingPractice.Testcase3" name="m9" time="0.005"/>
  <system-out/>
  <testcase classname="GroupingPractice.Testcase3" name="m8" time="0.003"/>
  <system-out/>
</testsuite> <!-- GroupingPractice.Testcase3 -->
