<?xml version="1.0" encoding="UTF-8"?>
<!-- Generated by org.testng.reporters.JUnitReportReporter -->
<testsuite hostname="DESKTOP-RHS4C2M" failures="0" tests="4" name="IntroductionTestng.Introduction" time="0.027" errors="0" timestamp="2022-09-21T23:33:54 IST" skipped="0">
  <testcase classname="IntroductionTestng.Introduction" name="openURL" time="0.008"/>
  <system-out/>
  <testcase classname="IntroductionTestng.Introduction" name="USERandPass" time="0.003"/>
  <system-out/>
  <testcase classname="IntroductionTestng.Introduction" name="login" time="0.007"/>
  <system-out/>
  <testcase classname="IntroductionTestng.Introduction" name="logout" time="0.009"/>
  <system-out/>
</testsuite> <!-- IntroductionTestng.Introduction -->
