<?xml version="1.0" encoding="UTF-8"?>
<!-- Generated by org.testng.reporters.JUnitReportReporter -->
<testsuite hostname="DESKTOP-RHS4C2M" failures="0" tests="3" name="SuiteAnotationPratice.testcase2" time="0.014" errors="0" timestamp="2022-09-22T20:40:36 IST" skipped="0">
  <testcase classname="SuiteAnotationPratice.testcase2" name="m5" time="0.003"/>
  <system-out/>
  <testcase classname="SuiteAnotationPratice.testcase2" name="m4" time="0.003"/>
  <system-out/>
  <testcase classname="SuiteAnotationPratice.testcase2" name="m6" time="0.008"/>
  <system-out/>
</testsuite> <!-- SuiteAnotationPratice.testcase2 -->
