<?xml version="1.0" encoding="UTF-8"?>
<!-- Generated by org.testng.reporters.JUnitReportReporter -->
<testsuite hostname="DESKTOP-RHS4C2M" failures="0" tests="3" name="SuiteAnotationPratice.test2" time="0.025" errors="0" timestamp="2022-09-22T20:33:50 IST" skipped="0">
  <testcase classname="SuiteAnotationPratice.test2" name="m6" time="0.008"/>
  <system-out/>
  <testcase classname="SuiteAnotationPratice.test2" name="m4" time="0.013"/>
  <system-out/>
  <testcase classname="SuiteAnotationPratice.test2" name="m5" time="0.004"/>
  <system-out/>
</testsuite> <!-- SuiteAnotationPratice.test2 -->
