<?xml version="1.0" encoding="UTF-8"?>
<!-- Generated by org.testng.reporters.JUnitReportReporter -->
<testsuite hostname="DESKTOP-RHS4C2M" failures="0" tests="3" name="GroupingPractice.Testcase2" time="0.019" errors="0" timestamp="2022-09-26T12:59:32 IST" skipped="0">
  <testcase classname="GroupingPractice.Testcase2" name="m3" time="0.008"/>
  <system-out/>
  <testcase classname="GroupingPractice.Testcase2" name="m2" time="0.006"/>
  <system-out/>
  <testcase classname="GroupingPractice.Testcase2" name="m1" time="0.005"/>
  <system-out/>
</testsuite> <!-- GroupingPractice.Testcase2 -->
