<?xml version="1.0" encoding="UTF-8"?>
<!-- Generated by org.testng.reporters.JUnitReportReporter -->
<testsuite hostname="DESKTOP-RHS4C2M" failures="0" tests="3" name="SuiteAnotationPratice.testcase1" time="0.023" errors="0" timestamp="2022-09-22T20:40:36 IST" skipped="0">
  <testcase classname="SuiteAnotationPratice.testcase1" name="m3" time="0.004"/>
  <system-out/>
  <testcase classname="SuiteAnotationPratice.testcase1" name="m2" time="0.005"/>
  <system-out/>
  <testcase classname="SuiteAnotationPratice.testcase1" name="m1" time="0.014"/>
  <system-out/>
</testsuite> <!-- SuiteAnotationPratice.testcase1 -->
