<?xml version="1.0" encoding="UTF-8"?>
<!-- Generated by org.testng.reporters.JUnitReportReporter -->
<testsuite hostname="DESKTOP-RHS4C2M" failures="0" tests="3" name="SuiteAnotationPratice.Test1" time="0.021" errors="0" timestamp="2022-09-22T20:33:50 IST" skipped="0">
  <testcase classname="SuiteAnotationPratice.Test1" name="m1" time="0.005"/>
  <system-out/>
  <testcase classname="SuiteAnotationPratice.Test1" name="m3" time="0.006"/>
  <system-out/>
  <testcase classname="SuiteAnotationPratice.Test1" name="m2" time="0.010"/>
  <system-out/>
</testsuite> <!-- SuiteAnotationPratice.Test1 -->
