<?xml version="1.0" encoding="UTF-8"?>
<!-- Generated by org.testng.reporters.JUnitReportReporter -->
<testsuite hostname="DESKTOP-RHS4C2M" failures="0" tests="5" name="KeywordsPractice.InvocationCountWithThreadpoolsize" time="311.847" errors="0" timestamp="2022-09-23T00:43:31 IST" skipped="0">
  <testcase classname="KeywordsPractice.InvocationCountWithThreadpoolsize" name="openBrowser" time="62.745"/>
  <system-out/>
  <testcase classname="KeywordsPractice.InvocationCountWithThreadpoolsize" name="openBrowser" time="62.056"/>
  <system-out/>
  <testcase classname="KeywordsPractice.InvocationCountWithThreadpoolsize" name="openBrowser" time="62.056"/>
  <system-out/>
  <testcase classname="KeywordsPractice.InvocationCountWithThreadpoolsize" name="openBrowser" time="62.173"/>
  <system-out/>
  <testcase classname="KeywordsPractice.InvocationCountWithThreadpoolsize" name="openBrowser" time="62.817"/>
  <system-out/>
</testsuite> <!-- KeywordsPractice.InvocationCountWithThreadpoolsize -->
