<?xml version="1.0" encoding="UTF-8"?>
<!-- Generated by org.testng.reporters.JUnitReportReporter -->
<testsuite hostname="DESKTOP-RHS4C2M" failures="0" tests="6" name="KeywordsPractice.InvocationCountPractice" time="0.067" errors="0" timestamp="2022-09-23T00:05:55 IST" skipped="0">
  <testcase classname="KeywordsPractice.InvocationCountPractice" name="homepagetest" time="0.030"/>
  <system-out/>
  <testcase classname="KeywordsPractice.InvocationCountPractice" name="notificationtest" time="0.013"/>
  <system-out/>
  <testcase classname="KeywordsPractice.InvocationCountPractice" name="notificationtest" time="0.005"/>
  <system-out/>
  <testcase classname="KeywordsPractice.InvocationCountPractice" name="notificationtest" time="0.007"/>
  <system-out/>
  <testcase classname="KeywordsPractice.InvocationCountPractice" name="notificationtest" time="0.001"/>
  <system-out/>
  <testcase classname="KeywordsPractice.InvocationCountPractice" name="notificationtest" time="0.011"/>
  <system-out/>
</testsuite> <!-- KeywordsPractice.InvocationCountPractice -->
