<?xml version="1.0" encoding="UTF-8"?>
<!-- Generated by org.testng.reporters.JUnitReportReporter -->
<testsuite hostname="DESKTOP-RHS4C2M" failures="0" tests="1" name="pomWithPagefactoryPractice.RegistrationTest" time="8.438" errors="0" timestamp="2022-10-02T23:26:03 IST" skipped="0">
  <testcase classname="pomWithPagefactoryPractice.RegistrationTest" name="FacebookRegistrationPageTest_Positive" time="8.438"/>
  <system-out/>
</testsuite> <!-- pomWithPagefactoryPractice.RegistrationTest -->
