<?xml version="1.0" encoding="UTF-8"?>
<!-- Generated by org.testng.reporters.JUnitReportReporter -->
<testsuite hostname="DESKTOP-RHS4C2M" failures="0" tests="3" name="IntroductionTestng.BeforMethodAfterMethodPractice" time="0.025" errors="0" timestamp="2022-09-21T23:33:54 IST" skipped="0">
  <testcase classname="IntroductionTestng.BeforMethodAfterMethodPractice" name="checkstories" time="0.012"/>
  <system-out>
    <![CDATA[Stories viewed]]>
  </system-out>
  <testcase classname="IntroductionTestng.BeforMethodAfterMethodPractice" name="notificationpage" time="0.006"/>
  <system-out>
    <![CDATA[Notification checked]]>
  </system-out>
  <testcase classname="IntroductionTestng.BeforMethodAfterMethodPractice" name="profileview" time="0.007"/>
  <system-out>
    <![CDATA[profile viewed]]>
  </system-out>
</testsuite> <!-- IntroductionTestng.BeforMethodAfterMethodPractice -->
