<?xml version="1.0" encoding="UTF-8"?>
<!-- Generated by org.testng.reporters.JUnitReportReporter -->
<testsuite hostname="DESKTOP-RHS4C2M" failures="0" tests="6" name="InvocationCountPractice" time="0.028" errors="0" timestamp="2022-09-22T23:55:23 IST" skipped="0">
  <testcase classname="InvocationCountPractice" name="homepagetest" time="0.011"/>
  <system-out/>
  <testcase classname="InvocationCountPractice" name="notificationtest" time="0.004"/>
  <system-out/>
  <testcase classname="InvocationCountPractice" name="notificationtest" time="0.004"/>
  <system-out/>
  <testcase classname="InvocationCountPractice" name="notificationtest" time="0.003"/>
  <system-out/>
  <testcase classname="InvocationCountPractice" name="notificationtest" time="0.002"/>
  <system-out/>
  <testcase classname="InvocationCountPractice" name="notificationtest" time="0.004"/>
  <system-out/>
</testsuite> <!-- InvocationCountPractice -->
