<?xml version="1.0" encoding="UTF-8"?>
<!-- Generated by org.testng.reporters.JUnitReportReporter -->
<testsuite hostname="DESKTOP-RHS4C2M" failures="0" tests="1" name="pomWithPagefactoryPractice.loginTest" time="6.635" errors="0" timestamp="2022-10-02T23:26:03 IST" skipped="0">
  <testcase classname="pomWithPagefactoryPractice.loginTest" name="FacebookLoginPageTest" time="6.635"/>
  <system-out>
    <![CDATA[verifyfacebookloginpageLogo
verifyfacebookloginpageTagline
verifyfacebookloginpageforgotpasswordlink
verifyfacebookloginpageCreateNewAccount
setfacebookloginpageUsername
setfacebookloginpagePassword
clickfacebookloginpageloginbtn
verifyFacebookLoginPageFooterLinkSize]]>
  </system-out>
</testsuite> <!-- pomWithPagefactoryPractice.loginTest -->
