<?xml version="1.0" encoding="UTF-8"?>
<!-- Generated by org.testng.reporters.JUnitReportReporter -->
<testsuite hostname="DESKTOP-RHS4C2M" failures="0" tests="3" name="TestAnotationsPractice.Test1" time="0.012" errors="0" timestamp="2022-09-21T23:33:54 IST" skipped="0">
  <testcase classname="TestAnotationsPractice.Test1" name="m1" time="0.007"/>
  <system-out/>
  <testcase classname="TestAnotationsPractice.Test1" name="m3" time="0.003"/>
  <system-out/>
  <testcase classname="TestAnotationsPractice.Test1" name="m2" time="0.002"/>
  <system-out/>
</testsuite> <!-- TestAnotationsPractice.Test1 -->
